This file contains any messages produced by compilers while
running configure, to aid debugging if configure makes a mistake.

configure:891: checking for gcc
configure:1004: checking whether the C compiler (gcc  ) works
configure:1020: gcc -o conftest    conftest.c  1>&5
configure:1046: checking whether the C compiler (gcc  ) is a cross-compiler
configure:1051: checking whether we are using GNU C
configure:1060: gcc -E conftest.c
configure:1079: checking whether gcc accepts -g
configure:1112: checking whether gcc and cc understand -c and -o together
configure:1127: gcc -c conftest.c -o conftest.o 1>&5
configure:1128: gcc -c conftest.c -o conftest.o 1>&5
configure:1133: cc -c conftest.c 1>&5
configure:1135: cc -c conftest.c -o conftest.o 1>&5
configure:1136: cc -c conftest.c -o conftest.o 1>&5
configure:1185: checking for PHP prefix
configure:1188: checking for PHP includes
configure:1191: checking for PHP extension directory
configure:1204: checking whether to enable apd support
configure:1414: checking for Cygwin environment
configure:1430: gcc -c -g -O2  conftest.c 1>&5
configure: In function `main':
configure:1426: `__CYGWIN32__' undeclared (first use in this function)
configure:1426: (Each undeclared identifier is reported only once
configure:1426: for each function it appears in.)
configure: failed program was:
#line 1419 "configure"
#include "confdefs.h"

int main() {

#ifndef __CYGWIN__
#define __CYGWIN__ __CYGWIN32__
#endif
return __CYGWIN__;
; return 0; }
configure:1447: checking for mingw32 environment
configure:1459: gcc -c -g -O2  conftest.c 1>&5
configure: In function `main':
configure:1455: `__MINGW32__' undeclared (first use in this function)
configure:1455: (Each undeclared identifier is reported only once
configure:1455: for each function it appears in.)
configure: failed program was:
#line 1452 "configure"
#include "confdefs.h"

int main() {
return __MINGW32__;
; return 0; }
configure:1476: checking how to run the C preprocessor
configure:1497: gcc -E  conftest.c >/dev/null 2>conftest.out
configure:1631: checking host system type
configure:1652: checking build system type
configure:1681: checking for ld used by GCC
configure:1749: checking if the linker (/usr/bin/ld) is GNU ld
GNU ld version 2.9.1 (with BFD 2.9.1.0.24)
configure:1766: checking for /usr/bin/ld option to reload object files
configure:1778: checking for BSD-compatible nm
configure:1816: checking whether ln -s works
configure:1837: checking how to recognise dependant libraries
configure:2010: checking for object suffix
configure:2016: gcc -c -g -O2  conftest.c 1>&5
configure:2036: checking for executable suffix
configure:2046: gcc -o conftest -g -O2   conftest.c  1>&5
configure:2077: checking command to parse /usr/bin/nm -B output
configure:2153: gcc -c -g -O2  conftest.c 1>&5
configure:2156: /usr/bin/nm -B conftest.o | sed -n -e 's/^.*[ ]\([ABCDGISTW][ABCDGISTW]*\)[ ][ ]*\(\)\([_A-Za-z][_A-Za-z0-9]*\)$/\1 \2\3 \3/p' > conftest.nm
configure:2207: gcc -o conftest -g -O2   conftest.c conftstm.o 1>&5
configure:2253: checking for dlfcn.h
configure:2263: gcc -E  conftest.c >/dev/null 2>conftest.out
configure:2431: checking for ranlib
configure:2498: checking for strip
configure:2734: checking for objdir
configure:2761: checking for gcc option to produce PIC
configure:2913: checking if gcc PIC flag -fPIC works
configure:2927: gcc -c -g -O2 -fPIC -DPIC  conftest.c 1>&5
configure:2979: checking if gcc static flag -static works
configure:2994: gcc -o conftest -g -O2   -static conftest.c  1>&5
configure:3021: checking if gcc supports -c -o file.o
configure:3040: gcc -c -g -O2 -o out/conftest2.o  conftest.c 1>&5
configure:3069: checking if gcc supports -c -o file.lo
configure:3085: gcc -c -g -O2 -c -o conftest.lo  conftest.c 1>&5
configure:3134: checking if gcc supports -fno-rtti -fno-exceptions
configure:3147: gcc -c -g -O2 -fno-rtti -fno-exceptions -c conftest.c  conftest.c 1>&5
configure:3174: checking whether the linker (/usr/bin/ld) supports shared libraries
configure:3790: checking how to hardcode library paths into programs
configure:3818: checking whether stripping libraries is possible
configure:3832: checking dynamic linker characteristics
configure:4218: checking if libtool supports shared libraries
configure:4711: checking whether -lc should be explicitly linked in
configure:4718: gcc -c -g -O2  conftest.c 1>&5
configure:4731: gcc -shared conftest.o  -v -Wl,-soname -Wl,conftest -o conftest 2>&1 | grep  -lc  >/dev/null 2>&1
configure:5392: checking for working mkdir -p
